#
# There is insufficient memory for the Java Runtime Environment to continue.
# Native memory allocation (mmap) failed to map 134217728 bytes for Failed to commit area from 0x0000000081800000 to 0x0000000089800000 of length 134217728.
# Possible reasons:
#   The system is out of physical RAM or swap space
#   The process is running with CompressedOops enabled, and the Java Heap may be blocking the growth of the native heap
# Possible solutions:
#   Reduce memory load on the system
#   Increase physical memory or swap space
#   Check if swap backing store is full
#   Decrease Java heap size (-Xmx/-Xms)
#   Decrease number of Java threads
#   Decrease Java thread stack sizes (-Xss)
#   Set larger code cache with -XX:ReservedCodeCacheSize=
# This output file may be truncated or incomplete.
#
#  Out of Memory Error (t:/workspace/open/src/hotspot/os/windows/os_windows.cpp:3301), pid=14884, tid=15460
#
# JRE version:  (13.0.2+8) (build )
# Java VM: Java HotSpot(TM) 64-Bit Server VM (13.0.2+8, mixed mode, aot, sharing, tiered, compressed oops, g1 gc, windows-amd64)
# No core dump will be written. Minidumps are not enabled by default on client versions of Windows
#

---------------  S U M M A R Y ------------

Command Line: -XX:TieredStopAtLevel=1 -Xverify:none -Dspring.output.ansi.enabled=always -javaagent:C:\Program Files\JetBrains\IntelliJ IDEA 2020.3.3\lib\idea_rt.jar=10881:C:\Program Files\JetBrains\IntelliJ IDEA 2020.3.3\bin -Dcom.sun.management.jmxremote -Dspring.jmx.enabled=true -Dspring.liveBeansView.mbeanDomain -Dspring.application.admin.enabled=true -Dfile.encoding=UTF-8 com.le.GatewayApplication

Host: Intel(R) Core(TM) i5-7200U CPU @ 2.50GHz, 4 cores, 7G,  Windows 10 , 64 bit Build 19041 (10.0.19041.1889)
Time: Fri Oct 14 21:57:52 2022 中国标准时间 elapsed time: 0 seconds (0d 0h 0m 0s)

---------------  T H R E A D  ---------------

Current thread (0x00000200d8aab800):  JavaThread "Unknown thread" [_thread_in_vm, id=15460, stack(0x000000276ee00000,0x000000276ef00000)]

Stack: [0x000000276ee00000,0x000000276ef00000]
Native frames: (J=compiled Java code, j=interpreted, Vv=VM code, C=native code)
V  [jvm.dll+0x624f9a]
V  [jvm.dll+0x770cfa]
V  [jvm.dll+0x7724af]
V  [jvm.dll+0x772ab3]
V  [jvm.dll+0x24bf08]
V  [jvm.dll+0x6222aa]
V  [jvm.dll+0x6170b5]
V  [jvm.dll+0x30a88c]
V  [jvm.dll+0x30a6c2]
V  [jvm.dll+0x30fe36]
V  [jvm.dll+0x353f46]
V  [jvm.dll+0x353720]
V  [jvm.dll+0x2e550a]
V  [jvm.dll+0x2e67a2]
V  [jvm.dll+0x74dd78]
V  [jvm.dll+0x361989]
V  [jvm.dll+0x730e65]
V  [jvm.dll+0x3cc53f]
V  [jvm.dll+0x3ce861]
C  [jli.dll+0x51ff]
C  [ucrtbase.dll+0x21bb2]
C  [KERNEL32.DLL+0x17034]
C  [ntdll.dll+0x526a1]


---------------  P R O C E S S  ---------------

Threads class SMR info:
_java_thread_list=0x00007ffccaa1ccb8, length=0, elements={
}

Java Threads: ( => current thread )

Other Threads:
  0x00000200d8aef800 GCTaskThread "GC Thread#0" [stack: 0x000000276ef00000,0x000000276f000000] [id=12284]
  0x00000200d8b02000 ConcurrentGCThread "G1 Main Marker" [stack: 0x000000276f000000,0x000000276f100000] [id=13460]
  0x00000200d8b03000 ConcurrentGCThread "G1 Conc#0" [stack: 0x000000276f100000,0x000000276f200000] [id=14840]

[error occurred during error reporting (printing all threads), id 0xc0000005, EXCEPTION_ACCESS_VIOLATION (0xc0000005) at pc=0x00007ffcca2551d7]

VM state:not at safepoint (not fully initialized)

VM Mutex/Monitor currently owned by a thread:  ([mutex/lock_event])
[0x00000200d8aa85d0] Heap_lock - owner thread: 0x00000200d8aab800

Heap address: 0x0000000081800000, size: 2024 MB, Compressed Oops mode: Non-zero based: 0x0000000081800000
Narrow klass base: 0x0000000000000000, Narrow klass shift: 0

GC Heap History (0 events):
No events

Deoptimization events (0 events):
No events

Classes unloaded (0 events):
No events

Classes redefined (0 events):
No events

Internal exceptions (0 events):
No events

Events (8 events):
Event: 0.023 Loaded shared library C:\Program Files\Java\jdk-13.0.2\bin\zip.dll
Event: 0.024 Loaded shared library C:\Program Files\Java\jdk-13.0.2\bin\jimage.dll
Event: 0.027 Loading shared library C:\Program Files\Java\jdk-13.0.2\lib\libjava.base-coop.dll failed, error code 126
Event: 0.027 Loading shared library C:\Program Files\Java\jdk-13.0.2\lib\libjava.logging-coop.dll failed, error code 126
Event: 0.099 Loading shared library C:\Program Files\Java\jdk-13.0.2\lib\libjdk.compiler-coop.dll failed, error code 126
Event: 0.099 Loading shared library C:\Program Files\Java\jdk-13.0.2\lib\libjdk.scripting.nashorn-coop.dll failed, error code 126
Event: 0.099 Loading shared library C:\Program Files\Java\jdk-13.0.2\lib\libjdk.internal.vm.ci-coop.dll failed, error code 126
Event: 0.099 Loading shared library C:\Program Files\Java\jdk-13.0.2\lib\libjdk.internal.vm.compiler-coop.dll failed, error code 126


Dynamic libraries:
0x00007ff6fce90000 - 0x00007ff6fce9f000 	C:\Program Files\Java\jdk-13.0.2\bin\java.exe
0x00007ffd29510000 - 0x00007ffd29708000 	C:\Windows\SYSTEM32\ntdll.dll
0x00007ffd29410000 - 0x00007ffd294cd000 	C:\Windows\System32\KERNEL32.DLL
0x00007ffd26fd0000 - 0x00007ffd2729e000 	C:\Windows\System32\KERNELBASE.dll
0x00007ffd23740000 - 0x00007ffd237d0000 	C:\Windows\SYSTEM32\apphelp.dll
0x00007ffd26ed0000 - 0x00007ffd26fd0000 	C:\Windows\System32\ucrtbase.dll
0x00007ffd1e520000 - 0x00007ffd1e535000 	C:\Program Files\Java\jdk-13.0.2\bin\VCRUNTIME140.dll
0x00007ffd17080000 - 0x00007ffd17098000 	C:\Program Files\Java\jdk-13.0.2\bin\jli.dll
0x00007ffd278a0000 - 0x00007ffd2794e000 	C:\Windows\System32\ADVAPI32.dll
0x00007ffd27740000 - 0x00007ffd277de000 	C:\Windows\System32\msvcrt.dll
0x00007ffd28ce0000 - 0x00007ffd28d7c000 	C:\Windows\System32\sechost.dll
0x00007ffd27610000 - 0x00007ffd27735000 	C:\Windows\System32\RPCRT4.dll
0x00007ffd28a60000 - 0x00007ffd28c00000 	C:\Windows\System32\USER32.dll
0x00007ffd27540000 - 0x00007ffd27562000 	C:\Windows\System32\win32u.dll
0x00007ffd28970000 - 0x00007ffd2899a000 	C:\Windows\System32\GDI32.dll
0x00007ffd26ca0000 - 0x00007ffd26dab000 	C:\Windows\System32\gdi32full.dll
0x00007ffd26db0000 - 0x00007ffd26e4d000 	C:\Windows\System32\msvcp_win.dll
0x00007ffd11b10000 - 0x00007ffd11daa000 	C:\Windows\WinSxS\amd64_microsoft.windows.common-controls_6595b64144ccf1df_6.0.19041.1110_none_60b5254171f9507e\COMCTL32.dll
0x00007ffd1fa60000 - 0x00007ffd1fa6a000 	C:\Windows\SYSTEM32\VERSION.dll
0x00007ffd29300000 - 0x00007ffd29330000 	C:\Windows\System32\IMM32.DLL
0x00007ffcec510000 - 0x00007ffcec5ab000 	C:\Program Files\Java\jdk-13.0.2\bin\msvcp140.dll
0x00007ffcc9f60000 - 0x00007ffccaabd000 	C:\Program Files\Java\jdk-13.0.2\bin\server\jvm.dll
0x00007ffd27570000 - 0x00007ffd27578000 	C:\Windows\System32\PSAPI.DLL
0x00007ffd10eb0000 - 0x00007ffd10ed7000 	C:\Windows\SYSTEM32\WINMM.dll
0x00007ffd0ec30000 - 0x00007ffd0ec39000 	C:\Windows\SYSTEM32\WSOCK32.dll
0x00007ffd27950000 - 0x00007ffd279bb000 	C:\Windows\System32\WS2_32.dll
0x00007ffd25500000 - 0x00007ffd25512000 	C:\Windows\SYSTEM32\kernel.appcore.dll
0x00007ffd1fca0000 - 0x00007ffd1fcb0000 	C:\Program Files\Java\jdk-13.0.2\bin\verify.dll
0x00007ffd25180000 - 0x00007ffd25364000 	C:\Windows\SYSTEM32\DBGHELP.DLL
0x00007ffd173c0000 - 0x00007ffd173ec000 	C:\Windows\SYSTEM32\dbgcore.DLL
0x00007ffd27350000 - 0x00007ffd273d2000 	C:\Windows\System32\bcryptPrimitives.dll
0x00007ffd16e40000 - 0x00007ffd16e66000 	C:\Program Files\Java\jdk-13.0.2\bin\java.dll
0x00007ffd16a50000 - 0x00007ffd16a5e000 	C:\Program Files\Java\jdk-13.0.2\bin\instrument.dll
0x00007ffd17020000 - 0x00007ffd17037000 	C:\Program Files\Java\jdk-13.0.2\bin\zip.dll
0x00007ffd16e30000 - 0x00007ffd16e3a000 	C:\Program Files\Java\jdk-13.0.2\bin\jimage.dll

dbghelp: loaded successfully - version: 4.0.5 - missing functions: none
symbol engine: initialized successfully - sym options: 0x614 - pdb path: .;C:\Program Files\Java\jdk-13.0.2\bin;C:\Windows\SYSTEM32;C:\Windows\WinSxS\amd64_microsoft.windows.common-controls_6595b64144ccf1df_6.0.19041.1110_none_60b5254171f9507e;C:\Program Files\Java\jdk-13.0.2\bin\server

VM Arguments:
jvm_args: -XX:TieredStopAtLevel=1 -Xverify:none -Dspring.output.ansi.enabled=always -javaagent:C:\Program Files\JetBrains\IntelliJ IDEA 2020.3.3\lib\idea_rt.jar=10881:C:\Program Files\JetBrains\IntelliJ IDEA 2020.3.3\bin -Dcom.sun.management.jmxremote -Dspring.jmx.enabled=true -Dspring.liveBeansView.mbeanDomain -Dspring.application.admin.enabled=true -Dfile.encoding=UTF-8 
java_command: com.le.GatewayApplication
java_class_path (initial): E:\JAVAStudy\PowerNode\springcloud-05\gateway\target\classes;E:\JAVAStudy\install\repository\org\springframework\cloud\spring-cloud-starter-gateway\2.2.9.RELEASE\spring-cloud-starter-gateway-2.2.9.RELEASE.jar;E:\JAVAStudy\install\repository\org\springframework\cloud\spring-cloud-starter\2.2.9.RELEASE\spring-cloud-starter-2.2.9.RELEASE.jar;E:\JAVAStudy\install\repository\org\springframework\cloud\spring-cloud-context\2.2.9.RELEASE\spring-cloud-context-2.2.9.RELEASE.jar;E:\JAVAStudy\install\repository\org\springframework\security\spring-security-crypto\5.3.6.RELEASE\spring-security-crypto-5.3.6.RELEASE.jar;E:\JAVAStudy\install\repository\org\springframework\cloud\spring-cloud-commons\2.2.9.RELEASE\spring-cloud-commons-2.2.9.RELEASE.jar;E:\JAVAStudy\install\repository\org\springframework\security\spring-security-rsa\1.0.9.RELEASE\spring-security-rsa-1.0.9.RELEASE.jar;E:\JAVAStudy\install\repository\org\bouncycastle\bcpkix-jdk15on\1.64\bcpkix-jdk15on-1.64.jar;E:\JAVAStudy\install\repository\org\bouncycastle\bcprov-jdk15on\1.64\bcprov-jdk15on-1.64.jar;E:\JAVAStudy\install\repository\org\springframework\cloud\spring-cloud-gateway-server\2.2.9.RELEASE\spring-cloud-gateway-server-2.2.9.RELEASE.jar;E:\JAVAStudy\install\repository\org\springframework\boot\spring-boot-starter-validation\2.3.7.RELEASE\spring-boot-starter-validation-2.3.7.RELEASE.jar;E:\JAVAStudy\install\repository\org\glassfish\jakarta.el\3.0.3\jakarta.el-3.0.3.jar;E:\JAVAStudy\install\repository\org\hibernate\validator\hibernate-validator\6.1.6.Final\hibernate-validator-6.1.6.Final.jar;E:\JAVAStudy\install\repository\jakarta\validation\jakarta.validation-api\2.0.2\jakarta.validation-api-2.0.2.jar;E:\JAVAStudy\install\repository\org\jboss\logging\jboss-logging\3.4.1.Final\jboss-logging-3.4.1.Final.jar;E:\JAVAStudy\install\repository\com\fasterxml\classmate\1.5.1\classmate-1.5.1.jar;E:\JAVAStudy\install\repository\io\projectreactor\addons\reactor-extra\3.3.4.RELEASE\reactor-extra-3.3
Launcher Type: SUN_STANDARD

[Global flags]
     intx CICompilerCount                          = 3                                         {product} {ergonomic}
     uint ConcGCThreads                            = 1                                         {product} {ergonomic}
     uint G1ConcRefinementThreads                  = 4                                         {product} {ergonomic}
   size_t G1HeapRegionSize                         = 1048576                                   {product} {ergonomic}
    uintx GCDrainStackTargetSize                   = 64                                        {product} {ergonomic}
   size_t InitialHeapSize                          = 134217728                                 {product} {ergonomic}
     bool ManagementServer                         = true                                      {product} {command line}
   size_t MarkStackSize                            = 4194304                                   {product} {ergonomic}
   size_t MaxHeapSize                              = 2122317824                                {product} {ergonomic}
   size_t MinHeapDeltaBytes                        = 1048576                                   {product} {ergonomic}
   size_t MinHeapSize                              = 8388608                                   {product} {ergonomic}
    uintx NonNMethodCodeHeapSize                   = 6973028                                {pd product} {ergonomic}
    uintx NonProfiledCodeHeapSize                  = 244685212                              {pd product} {ergonomic}
    uintx ProfiledCodeHeapSize                     = 0                                      {pd product} {ergonomic}
    uintx ReservedCodeCacheSize                    = 251658240                              {pd product} {ergonomic}
     bool SegmentedCodeCache                       = true                                      {product} {ergonomic}
   size_t SoftMaxHeapSize                          = 2122317824                             {manageable} {ergonomic}
     intx TieredStopAtLevel                        = 1                                         {product} {command line}
     bool UseCompressedClassPointers               = true                                 {lp64_product} {ergonomic}
     bool UseCompressedOops                        = true                                 {lp64_product} {ergonomic}
     bool UseG1GC                                  = true                                      {product} {ergonomic}
     bool UseLargePagesIndividualAllocation        = false                                  {pd product} {ergonomic}

Logging:
Log output configuration:
 #0: stdout all=warning uptime,level,tags
 #1: stderr all=off uptime,level,tags

Environment Variables:
JAVA_HOME=C:\Program Files\Java\jdk-13.0.2
PATH=E:\JAVAStudy\install\NetSarang\Xftp 6\;E:\JAVAStudy\install\NetSarang\Xshell 6\;C:\Program Files\Java\jdk-13.0.2\bin;C:\Program Files (x86)\Common Files\Oracle\Java\javapath;C:\Program Files (x86)\Common Files\Intel\Shared Libraries\redist\intel64\compiler;C:\Program Files (x86)\Intel\iCLS Client\;C:\Program Files\Intel\iCLS Client\;C:\Windows\system32;C:\Windows;C:\Windows\System32\Wbem;C:\Windows\System32\WindowsPowerShell\v1.0\;C:\Program Files (x86)\NVIDIA Corporation\PhysX\Common;C:\Program Files (x86)\Intel\Intel(R) Management Engine Components\DAL;C:\Program Files\Intel\Intel(R) Management Engine Components\DAL;C:\Program Files (x86)\Intel\Intel(R) Management Engine Components\IPT;C:\Program Files\Intel\Intel(R) Management Engine Components\IPT;C:\Windows\system32;C:\Windows;C:\Windows\System32\Wbem;C:\Windows\System32\WindowsPowerShell\v1.0\;C:\Windows\System32\OpenSSH\;C:\Program Files\Intel\WiFi\bin\;C:\Program Files\Common Files\Intel\WirelessCommon\;%CATALINA_HOME%\bin;C:\Program Files\dotnet\;C:\Program Files\MySQL\MySQL Server 8.0\bin;E:\JAVAStudy\tomcat\apache-tomcat-9.0.55\bin;E:\JAVAStudy\Maven\apache-maven-3.6.1\bin;E:\JAVAStudy\install\Git\cmd;E:\JAVAStudy\install\node-v16.16.0-win-x64;C:\Program Files\TortoiseGit\bin;C:\Users\DELL\AppData\Local\Microsoft\WindowsApps;D:\软件\zip\;D:\软件\Bandizip\;E:\JAVAStudy\install\Microsoft VS Code\bin
USERNAME=DELL
OS=Windows_NT
PROCESSOR_IDENTIFIER=Intel64 Family 6 Model 142 Stepping 9, GenuineIntel



---------------  S Y S T E M  ---------------

OS: Windows 10 , 64 bit Build 19041 (10.0.19041.1889)

CPU:total 4 (initial active 4) (2 cores per cpu, 2 threads per core) family 6 model 142 stepping 9, cmov, cx8, fxsr, mmx, sse, sse2, sse3, ssse3, sse4.1, sse4.2, popcnt, avx, avx2, aes, clmul, erms, 3dnowpref, lzcnt, ht, tsc, tscinvbit, bmi1, bmi2, adx, fma

Memory: 4k page, system-wide physical 8090M (3397M free)
TotalPageFile size 13210M (AvailPageFile size 88M)
current process WorkingSet (physical memory assigned to process): 11M, peak: 11M
current process commit charge ("private bytes"): 49M, peak: 177M

vm_info: Java HotSpot(TM) 64-Bit Server VM (13.0.2+8) for windows-amd64 JRE (13.0.2+8), built on Dec 11 2019 09:20:33 by "mach5one" with unknown MS VC++:1916

END.
